[2023-06-09 12:38:27,668][root][INFO] - Logger initialized
[2023-06-09 12:38:39,659][root][INFO] - Found 972 patients in this dataset
[2023-06-09 12:42:08,581][root][INFO] - Basic Split: 972 samples
[2023-06-09 12:42:08,605][root][INFO] - Train set has 786 samples, val has 88 samples, test has 98 samples
[2023-06-09 12:42:08,621][root][INFO] - 	[786] defaultdict(<class 'int'>, {1: 396, 0: 390})
[2023-06-09 12:42:08,637][root][INFO] - 	[88] defaultdict(<class 'int'>, {0: 44, 1: 44})
[2023-06-09 12:42:08,638][root][INFO] - 	[98] defaultdict(<class 'int'>, {0: 52, 1: 46})
[2023-06-09 12:42:08,795][root][INFO] - Train task initialized
[2023-06-09 12:42:08,796][root][INFO] - Starting training task...
[2023-06-09 12:42:08,796][root][INFO] - Doing a basic split...
[2023-06-09 12:43:00,459][root][INFO] - Epoch [1/200] Train Accuracy: 48.18%, Val Accuracy: 55.68%, Train Loss: 0.7001, Val Loss: 0.6925
[2023-06-09 12:43:50,023][root][INFO] - Epoch [2/200] Train Accuracy: 46.46%, Val Accuracy: 50.00%, Train Loss: 0.6986, Val Loss: 0.6962
[2023-06-09 12:44:38,544][root][INFO] - Epoch [3/200] Train Accuracy: 49.70%, Val Accuracy: 50.00%, Train Loss: 0.6992, Val Loss: 0.6976
[2023-06-09 12:45:27,142][root][INFO] - Epoch [4/200] Train Accuracy: 49.35%, Val Accuracy: 55.68%, Train Loss: 0.6982, Val Loss: 0.6918
[2023-06-09 12:46:15,732][root][INFO] - Epoch [5/200] Train Accuracy: 51.63%, Val Accuracy: 51.14%, Train Loss: 0.6935, Val Loss: 0.6924
[2023-06-09 12:47:04,400][root][INFO] - Epoch [6/200] Train Accuracy: 52.89%, Val Accuracy: 50.00%, Train Loss: 0.6917, Val Loss: 0.6917
[2023-06-09 12:47:52,982][root][INFO] - Epoch [7/200] Train Accuracy: 52.10%, Val Accuracy: 50.00%, Train Loss: 0.6952, Val Loss: 0.6897
[2023-06-09 12:48:41,674][root][INFO] - Epoch [8/200] Train Accuracy: 50.00%, Val Accuracy: 53.41%, Train Loss: 0.6969, Val Loss: 0.6910
[2023-06-09 12:49:30,264][root][INFO] - Epoch [9/200] Train Accuracy: 51.54%, Val Accuracy: 50.00%, Train Loss: 0.6913, Val Loss: 0.6928
[2023-06-09 12:50:18,959][root][INFO] - Epoch [10/200] Train Accuracy: 52.42%, Val Accuracy: 48.86%, Train Loss: 0.6930, Val Loss: 0.6961
[2023-06-09 12:51:07,550][root][INFO] - Epoch [11/200] Train Accuracy: 55.75%, Val Accuracy: 50.00%, Train Loss: 0.6900, Val Loss: 0.7025
[2023-06-09 12:51:56,240][root][INFO] - Epoch [12/200] Train Accuracy: 51.17%, Val Accuracy: 50.00%, Train Loss: 0.6965, Val Loss: 0.6948
[2023-06-09 12:52:44,816][root][INFO] - Epoch [13/200] Train Accuracy: 52.46%, Val Accuracy: 50.00%, Train Loss: 0.6942, Val Loss: 0.6958
[2023-06-09 12:53:33,458][root][INFO] - Epoch [14/200] Train Accuracy: 50.13%, Val Accuracy: 50.00%, Train Loss: 0.6948, Val Loss: 0.6922
[2023-06-09 12:54:22,027][root][INFO] - Epoch [15/200] Train Accuracy: 55.74%, Val Accuracy: 47.73%, Train Loss: 0.6897, Val Loss: 0.6965
[2023-06-09 12:55:10,663][root][INFO] - Epoch [16/200] Train Accuracy: 53.74%, Val Accuracy: 50.00%, Train Loss: 0.6943, Val Loss: 0.7029
[2023-06-09 12:55:59,205][root][INFO] - Epoch [17/200] Train Accuracy: 54.49%, Val Accuracy: 50.00%, Train Loss: 0.6890, Val Loss: 0.7016
[2023-06-09 12:56:47,864][root][INFO] - Epoch [18/200] Train Accuracy: 51.94%, Val Accuracy: 50.00%, Train Loss: 0.6956, Val Loss: 0.7013
[2023-06-09 12:57:36,480][root][INFO] - Epoch [19/200] Train Accuracy: 52.32%, Val Accuracy: 45.45%, Train Loss: 0.6967, Val Loss: 0.6948
[2023-06-09 12:58:25,159][root][INFO] - Epoch [20/200] Train Accuracy: 51.43%, Val Accuracy: 50.00%, Train Loss: 0.6899, Val Loss: 0.6928
[2023-06-09 12:59:13,776][root][INFO] - Epoch [21/200] Train Accuracy: 50.58%, Val Accuracy: 50.00%, Train Loss: 0.6934, Val Loss: 0.6938
[2023-06-09 13:00:02,448][root][INFO] - Epoch [22/200] Train Accuracy: 50.39%, Val Accuracy: 50.00%, Train Loss: 0.6941, Val Loss: 0.6955
[2023-06-09 13:00:51,100][root][INFO] - Epoch [23/200] Train Accuracy: 50.24%, Val Accuracy: 50.00%, Train Loss: 0.6955, Val Loss: 0.6944
[2023-06-09 13:01:39,793][root][INFO] - Epoch [24/200] Train Accuracy: 51.54%, Val Accuracy: 54.55%, Train Loss: 0.6945, Val Loss: 0.6925
[2023-06-09 13:02:28,364][root][INFO] - Epoch [25/200] Train Accuracy: 49.63%, Val Accuracy: 50.00%, Train Loss: 0.6981, Val Loss: 0.6927
[2023-06-09 13:03:18,088][root][INFO] - Epoch [26/200] Train Accuracy: 55.77%, Val Accuracy: 48.86%, Train Loss: 0.6861, Val Loss: 0.6998
[2023-06-09 13:04:06,727][root][INFO] - Epoch [27/200] Train Accuracy: 55.51%, Val Accuracy: 47.73%, Train Loss: 0.6858, Val Loss: 0.7033
[2023-06-09 13:04:55,378][root][INFO] - Epoch [28/200] Train Accuracy: 56.68%, Val Accuracy: 50.00%, Train Loss: 0.6857, Val Loss: 0.7047
[2023-06-09 13:05:43,923][root][INFO] - Epoch [29/200] Train Accuracy: 58.57%, Val Accuracy: 50.00%, Train Loss: 0.6778, Val Loss: 0.7200
[2023-06-09 13:06:32,574][root][INFO] - Epoch [30/200] Train Accuracy: 57.29%, Val Accuracy: 50.00%, Train Loss: 0.6849, Val Loss: 0.7054
[2023-06-09 13:07:21,163][root][INFO] - Epoch [31/200] Train Accuracy: 55.39%, Val Accuracy: 50.00%, Train Loss: 0.6795, Val Loss: 0.7110
[2023-06-09 13:08:09,817][root][INFO] - Epoch [32/200] Train Accuracy: 58.17%, Val Accuracy: 50.00%, Train Loss: 0.6804, Val Loss: 0.7019
[2023-06-09 13:08:58,392][root][INFO] - Epoch [33/200] Train Accuracy: 56.88%, Val Accuracy: 48.86%, Train Loss: 0.6760, Val Loss: 0.7080
[2023-06-09 13:09:47,056][root][INFO] - Epoch [34/200] Train Accuracy: 57.13%, Val Accuracy: 53.41%, Train Loss: 0.6824, Val Loss: 0.6897
[2023-06-09 13:10:35,749][root][INFO] - Epoch [35/200] Train Accuracy: 57.54%, Val Accuracy: 50.00%, Train Loss: 0.6783, Val Loss: 0.7089
[2023-06-09 13:11:24,430][root][INFO] - Epoch [36/200] Train Accuracy: 61.97%, Val Accuracy: 62.50%, Train Loss: 0.6578, Val Loss: 0.6535
[2023-06-09 13:12:13,036][root][INFO] - Epoch [37/200] Train Accuracy: 56.75%, Val Accuracy: 50.00%, Train Loss: 0.6793, Val Loss: 0.7151
[2023-06-09 13:13:01,719][root][INFO] - Epoch [38/200] Train Accuracy: 59.30%, Val Accuracy: 50.00%, Train Loss: 0.6646, Val Loss: 0.7007
[2023-06-09 13:13:50,329][root][INFO] - Epoch [39/200] Train Accuracy: 63.13%, Val Accuracy: 50.00%, Train Loss: 0.6510, Val Loss: 0.7124
[2023-06-09 13:14:39,054][root][INFO] - Epoch [40/200] Train Accuracy: 62.10%, Val Accuracy: 50.00%, Train Loss: 0.6583, Val Loss: 0.7215
[2023-06-09 13:15:27,652][root][INFO] - Epoch [41/200] Train Accuracy: 63.00%, Val Accuracy: 48.86%, Train Loss: 0.6475, Val Loss: 0.7212
[2023-06-09 13:16:16,330][root][INFO] - Epoch [42/200] Train Accuracy: 63.49%, Val Accuracy: 61.36%, Train Loss: 0.6426, Val Loss: 0.7061
[2023-06-09 13:17:04,946][root][INFO] - Epoch [43/200] Train Accuracy: 64.52%, Val Accuracy: 64.77%, Train Loss: 0.6369, Val Loss: 0.6310
[2023-06-09 13:17:53,620][root][INFO] - Epoch [44/200] Train Accuracy: 64.06%, Val Accuracy: 50.00%, Train Loss: 0.6328, Val Loss: 0.6950
[2023-06-09 13:18:42,225][root][INFO] - Epoch [45/200] Train Accuracy: 65.05%, Val Accuracy: 51.14%, Train Loss: 0.6368, Val Loss: 0.7583
[2023-06-09 13:19:31,476][root][INFO] - Epoch [46/200] Train Accuracy: 67.09%, Val Accuracy: 68.18%, Train Loss: 0.6171, Val Loss: 0.6049
[2023-06-09 13:20:22,022][root][INFO] - Epoch [47/200] Train Accuracy: 68.84%, Val Accuracy: 53.41%, Train Loss: 0.6080, Val Loss: 0.7511
[2023-06-09 13:21:10,636][root][INFO] - Epoch [48/200] Train Accuracy: 67.82%, Val Accuracy: 64.77%, Train Loss: 0.5995, Val Loss: 0.6219
[2023-06-09 13:21:59,291][root][INFO] - Epoch [49/200] Train Accuracy: 68.09%, Val Accuracy: 71.59%, Train Loss: 0.6124, Val Loss: 0.5508
[2023-06-09 13:22:47,874][root][INFO] - Epoch [50/200] Train Accuracy: 67.20%, Val Accuracy: 53.41%, Train Loss: 0.6032, Val Loss: 0.7200
[2023-06-09 13:23:36,532][root][INFO] - Epoch [51/200] Train Accuracy: 68.35%, Val Accuracy: 72.73%, Train Loss: 0.6019, Val Loss: 0.5341
[2023-06-09 13:24:25,113][root][INFO] - Epoch [52/200] Train Accuracy: 68.96%, Val Accuracy: 51.14%, Train Loss: 0.6108, Val Loss: 0.6722
[2023-06-09 13:25:13,780][root][INFO] - Epoch [53/200] Train Accuracy: 67.46%, Val Accuracy: 51.14%, Train Loss: 0.6061, Val Loss: 0.7115
[2023-06-09 13:26:02,341][root][INFO] - Epoch [54/200] Train Accuracy: 71.91%, Val Accuracy: 72.73%, Train Loss: 0.5699, Val Loss: 0.5664
[2023-06-09 13:26:50,992][root][INFO] - Epoch [55/200] Train Accuracy: 69.48%, Val Accuracy: 55.68%, Train Loss: 0.5781, Val Loss: 0.7538
[2023-06-09 13:27:39,570][root][INFO] - Epoch [56/200] Train Accuracy: 72.53%, Val Accuracy: 73.86%, Train Loss: 0.5718, Val Loss: 0.5429
[2023-06-09 13:28:28,225][root][INFO] - Epoch [57/200] Train Accuracy: 71.27%, Val Accuracy: 78.41%, Train Loss: 0.5819, Val Loss: 0.5015
[2023-06-09 13:29:16,789][root][INFO] - Epoch [58/200] Train Accuracy: 72.66%, Val Accuracy: 63.64%, Train Loss: 0.5765, Val Loss: 0.6273
[2023-06-09 13:30:05,445][root][INFO] - Epoch [59/200] Train Accuracy: 73.17%, Val Accuracy: 75.00%, Train Loss: 0.5519, Val Loss: 0.5450
[2023-06-09 13:30:54,002][root][INFO] - Epoch [60/200] Train Accuracy: 70.64%, Val Accuracy: 75.00%, Train Loss: 0.5813, Val Loss: 0.5778
[2023-06-09 13:31:42,650][root][INFO] - Epoch [61/200] Train Accuracy: 74.95%, Val Accuracy: 64.77%, Train Loss: 0.5480, Val Loss: 0.6260
[2023-06-09 13:32:31,276][root][INFO] - Epoch [62/200] Train Accuracy: 73.18%, Val Accuracy: 79.55%, Train Loss: 0.5754, Val Loss: 0.5016
[2023-06-09 13:33:19,934][root][INFO] - Epoch [63/200] Train Accuracy: 73.44%, Val Accuracy: 70.45%, Train Loss: 0.5506, Val Loss: 0.5731
[2023-06-09 13:34:08,495][root][INFO] - Epoch [64/200] Train Accuracy: 73.82%, Val Accuracy: 73.86%, Train Loss: 0.5429, Val Loss: 0.5743
[2023-06-09 13:34:57,148][root][INFO] - Epoch [65/200] Train Accuracy: 74.19%, Val Accuracy: 67.05%, Train Loss: 0.5507, Val Loss: 0.6240
[2023-06-09 13:35:45,720][root][INFO] - Epoch [66/200] Train Accuracy: 73.55%, Val Accuracy: 75.00%, Train Loss: 0.5476, Val Loss: 0.5696
[2023-06-09 13:36:34,370][root][INFO] - Epoch [67/200] Train Accuracy: 73.81%, Val Accuracy: 76.14%, Train Loss: 0.5421, Val Loss: 0.5457
[2023-06-09 13:37:22,945][root][INFO] - Epoch [68/200] Train Accuracy: 74.83%, Val Accuracy: 80.68%, Train Loss: 0.5403, Val Loss: 0.4652
[2023-06-09 13:38:11,604][root][INFO] - Epoch [69/200] Train Accuracy: 75.85%, Val Accuracy: 75.00%, Train Loss: 0.5406, Val Loss: 0.5028
[2023-06-09 13:39:00,169][root][INFO] - Epoch [70/200] Train Accuracy: 77.75%, Val Accuracy: 79.55%, Train Loss: 0.5129, Val Loss: 0.4733
[2023-06-09 13:39:48,815][root][INFO] - Epoch [71/200] Train Accuracy: 74.06%, Val Accuracy: 76.14%, Train Loss: 0.5484, Val Loss: 0.5066
[2023-06-09 13:40:37,370][root][INFO] - Epoch [72/200] Train Accuracy: 77.10%, Val Accuracy: 81.82%, Train Loss: 0.5156, Val Loss: 0.4410
[2023-06-09 13:41:26,025][root][INFO] - Epoch [73/200] Train Accuracy: 76.97%, Val Accuracy: 76.14%, Train Loss: 0.5162, Val Loss: 0.5585
[2023-06-09 13:42:14,602][root][INFO] - Epoch [74/200] Train Accuracy: 77.11%, Val Accuracy: 64.77%, Train Loss: 0.5094, Val Loss: 0.6472
[2023-06-09 13:43:03,243][root][INFO] - Epoch [75/200] Train Accuracy: 74.70%, Val Accuracy: 80.68%, Train Loss: 0.5252, Val Loss: 0.4517
[2023-06-09 13:43:51,819][root][INFO] - Epoch [76/200] Train Accuracy: 75.57%, Val Accuracy: 80.68%, Train Loss: 0.5344, Val Loss: 0.4311
[2023-06-09 13:44:40,486][root][INFO] - Epoch [77/200] Train Accuracy: 75.58%, Val Accuracy: 80.68%, Train Loss: 0.5192, Val Loss: 0.4457
[2023-06-09 13:45:29,083][root][INFO] - Epoch [78/200] Train Accuracy: 78.12%, Val Accuracy: 73.86%, Train Loss: 0.4957, Val Loss: 0.5750
[2023-06-09 13:46:17,767][root][INFO] - Epoch [79/200] Train Accuracy: 79.16%, Val Accuracy: 85.23%, Train Loss: 0.4878, Val Loss: 0.3970
[2023-06-09 13:47:06,342][root][INFO] - Epoch [80/200] Train Accuracy: 79.27%, Val Accuracy: 81.82%, Train Loss: 0.4842, Val Loss: 0.4151
[2023-06-09 13:47:55,004][root][INFO] - Epoch [81/200] Train Accuracy: 78.00%, Val Accuracy: 86.36%, Train Loss: 0.4923, Val Loss: 0.3839
[2023-06-09 13:48:43,587][root][INFO] - Epoch [82/200] Train Accuracy: 79.15%, Val Accuracy: 76.14%, Train Loss: 0.4934, Val Loss: 0.5723
[2023-06-09 13:49:32,262][root][INFO] - Epoch [83/200] Train Accuracy: 75.72%, Val Accuracy: 79.55%, Train Loss: 0.4977, Val Loss: 0.4549
[2023-06-09 13:50:20,831][root][INFO] - Epoch [84/200] Train Accuracy: 75.82%, Val Accuracy: 82.95%, Train Loss: 0.5103, Val Loss: 0.4232
[2023-06-09 13:51:09,487][root][INFO] - Epoch [85/200] Train Accuracy: 79.40%, Val Accuracy: 84.09%, Train Loss: 0.4730, Val Loss: 0.3895
[2023-06-09 13:51:58,069][root][INFO] - Epoch [86/200] Train Accuracy: 76.85%, Val Accuracy: 81.82%, Train Loss: 0.5154, Val Loss: 0.4525
[2023-06-09 13:52:46,740][root][INFO] - Epoch [87/200] Train Accuracy: 79.16%, Val Accuracy: 76.14%, Train Loss: 0.4682, Val Loss: 0.5419
[2023-06-09 13:53:35,339][root][INFO] - Epoch [88/200] Train Accuracy: 80.93%, Val Accuracy: 81.82%, Train Loss: 0.4640, Val Loss: 0.4081
[2023-06-09 13:54:24,014][root][INFO] - Epoch [89/200] Train Accuracy: 78.12%, Val Accuracy: 82.95%, Train Loss: 0.4857, Val Loss: 0.4001
[2023-06-09 13:55:12,575][root][INFO] - Epoch [90/200] Train Accuracy: 80.29%, Val Accuracy: 81.82%, Train Loss: 0.4600, Val Loss: 0.4384
[2023-06-09 13:56:01,241][root][INFO] - Epoch [91/200] Train Accuracy: 78.53%, Val Accuracy: 84.09%, Train Loss: 0.4959, Val Loss: 0.3896
[2023-06-09 13:56:49,811][root][INFO] - Epoch [92/200] Train Accuracy: 82.46%, Val Accuracy: 75.00%, Train Loss: 0.4492, Val Loss: 0.5944
[2023-06-09 13:57:38,448][root][INFO] - Epoch [93/200] Train Accuracy: 80.15%, Val Accuracy: 80.68%, Train Loss: 0.4625, Val Loss: 0.4507
[2023-06-09 13:58:27,017][root][INFO] - Epoch [94/200] Train Accuracy: 80.29%, Val Accuracy: 86.36%, Train Loss: 0.4515, Val Loss: 0.3859
[2023-06-09 13:59:15,680][root][INFO] - Epoch [95/200] Train Accuracy: 79.90%, Val Accuracy: 81.82%, Train Loss: 0.4716, Val Loss: 0.3966
[2023-06-09 14:00:06,366][root][INFO] - Epoch [96/200] Train Accuracy: 80.80%, Val Accuracy: 86.36%, Train Loss: 0.4581, Val Loss: 0.3690
[2023-06-09 14:00:54,981][root][INFO] - Epoch [97/200] Train Accuracy: 83.34%, Val Accuracy: 87.50%, Train Loss: 0.4306, Val Loss: 0.3897
[2023-06-09 14:01:43,619][root][INFO] - Epoch [98/200] Train Accuracy: 81.94%, Val Accuracy: 79.55%, Train Loss: 0.4517, Val Loss: 0.4574
[2023-06-09 14:02:32,182][root][INFO] - Epoch [99/200] Train Accuracy: 81.68%, Val Accuracy: 80.68%, Train Loss: 0.4483, Val Loss: 0.4262
[2023-06-09 14:03:20,847][root][INFO] - Epoch [100/200] Train Accuracy: 80.79%, Val Accuracy: 84.09%, Train Loss: 0.4657, Val Loss: 0.3910
[2023-06-09 14:04:09,445][root][INFO] - Epoch [101/200] Train Accuracy: 82.84%, Val Accuracy: 84.09%, Train Loss: 0.4133, Val Loss: 0.4105
[2023-06-09 14:04:58,167][root][INFO] - Epoch [102/200] Train Accuracy: 83.73%, Val Accuracy: 84.09%, Train Loss: 0.4178, Val Loss: 0.3854
[2023-06-09 14:05:46,760][root][INFO] - Epoch [103/200] Train Accuracy: 81.44%, Val Accuracy: 81.82%, Train Loss: 0.4488, Val Loss: 0.4157
[2023-06-09 14:06:35,432][root][INFO] - Epoch [104/200] Train Accuracy: 82.70%, Val Accuracy: 82.95%, Train Loss: 0.4315, Val Loss: 0.3968
[2023-06-09 14:07:24,014][root][INFO] - Epoch [105/200] Train Accuracy: 80.68%, Val Accuracy: 82.95%, Train Loss: 0.4425, Val Loss: 0.3920
[2023-06-09 14:08:12,662][root][INFO] - Epoch [106/200] Train Accuracy: 84.87%, Val Accuracy: 84.09%, Train Loss: 0.4047, Val Loss: 0.3890
[2023-06-09 14:09:01,267][root][INFO] - Epoch [107/200] Train Accuracy: 83.20%, Val Accuracy: 82.95%, Train Loss: 0.4277, Val Loss: 0.4130
[2023-06-09 14:09:50,366][root][INFO] - Epoch [108/200] Train Accuracy: 83.21%, Val Accuracy: 82.95%, Train Loss: 0.4343, Val Loss: 0.3848
[2023-06-09 14:10:42,935][root][INFO] - Epoch [109/200] Train Accuracy: 83.61%, Val Accuracy: 84.09%, Train Loss: 0.4096, Val Loss: 0.3982
[2023-06-09 14:11:33,304][root][INFO] - Epoch [110/200] Train Accuracy: 81.43%, Val Accuracy: 80.68%, Train Loss: 0.4502, Val Loss: 0.4910
[2023-06-09 14:12:26,208][root][INFO] - Epoch [111/200] Train Accuracy: 84.11%, Val Accuracy: 85.23%, Train Loss: 0.4237, Val Loss: 0.3769
[2023-06-09 14:13:17,207][root][INFO] - Epoch [112/200] Train Accuracy: 81.07%, Val Accuracy: 75.00%, Train Loss: 0.4084, Val Loss: 0.5711
[2023-06-09 14:14:08,151][root][INFO] - Epoch [113/200] Train Accuracy: 83.60%, Val Accuracy: 80.68%, Train Loss: 0.4067, Val Loss: 0.4142
[2023-06-09 14:14:59,060][root][INFO] - Epoch [114/200] Train Accuracy: 83.98%, Val Accuracy: 80.68%, Train Loss: 0.3961, Val Loss: 0.4459
[2023-06-09 14:15:50,239][root][INFO] - Epoch [115/200] Train Accuracy: 81.95%, Val Accuracy: 79.55%, Train Loss: 0.4184, Val Loss: 0.4930
[2023-06-09 14:16:41,285][root][INFO] - Epoch [116/200] Train Accuracy: 84.87%, Val Accuracy: 80.68%, Train Loss: 0.4015, Val Loss: 0.3979
[2023-06-09 14:17:32,259][root][INFO] - Epoch [117/200] Train Accuracy: 85.00%, Val Accuracy: 86.36%, Train Loss: 0.3849, Val Loss: 0.3919
[2023-06-09 14:18:23,303][root][INFO] - Epoch [118/200] Train Accuracy: 85.25%, Val Accuracy: 72.73%, Train Loss: 0.4086, Val Loss: 0.5844
[2023-06-09 14:19:14,318][root][INFO] - Epoch [119/200] Train Accuracy: 84.36%, Val Accuracy: 84.09%, Train Loss: 0.4021, Val Loss: 0.4025
[2023-06-09 14:20:05,324][root][INFO] - Epoch [120/200] Train Accuracy: 86.13%, Val Accuracy: 82.95%, Train Loss: 0.3773, Val Loss: 0.4472
[2023-06-09 14:20:56,314][root][INFO] - Epoch [121/200] Train Accuracy: 86.91%, Val Accuracy: 81.82%, Train Loss: 0.3659, Val Loss: 0.4591
[2023-06-09 14:21:47,304][root][INFO] - Epoch [122/200] Train Accuracy: 86.40%, Val Accuracy: 82.95%, Train Loss: 0.3778, Val Loss: 0.4156
[2023-06-09 14:22:38,336][root][INFO] - Epoch [123/200] Train Accuracy: 85.76%, Val Accuracy: 79.55%, Train Loss: 0.3753, Val Loss: 0.5279
[2023-06-09 14:23:29,373][root][INFO] - Epoch [124/200] Train Accuracy: 84.87%, Val Accuracy: 80.68%, Train Loss: 0.3916, Val Loss: 0.4583
[2023-06-09 14:24:20,379][root][INFO] - Epoch [125/200] Train Accuracy: 86.66%, Val Accuracy: 84.09%, Train Loss: 0.3703, Val Loss: 0.4179
[2023-06-09 14:25:11,364][root][INFO] - Epoch [126/200] Train Accuracy: 85.63%, Val Accuracy: 84.09%, Train Loss: 0.3900, Val Loss: 0.3844
[2023-06-09 14:26:02,381][root][INFO] - Epoch [127/200] Train Accuracy: 87.54%, Val Accuracy: 84.09%, Train Loss: 0.3494, Val Loss: 0.4185
[2023-06-09 14:26:53,895][root][INFO] - Epoch [128/200] Train Accuracy: 86.02%, Val Accuracy: 84.09%, Train Loss: 0.3697, Val Loss: 0.3958
[2023-06-09 14:27:45,019][root][INFO] - Epoch [129/200] Train Accuracy: 87.92%, Val Accuracy: 86.36%, Train Loss: 0.3434, Val Loss: 0.4451
[2023-06-09 14:28:36,063][root][INFO] - Epoch [130/200] Train Accuracy: 84.49%, Val Accuracy: 85.23%, Train Loss: 0.3779, Val Loss: 0.3996
[2023-06-09 14:29:31,628][root][INFO] - Epoch [131/200] Train Accuracy: 85.25%, Val Accuracy: 85.23%, Train Loss: 0.3702, Val Loss: 0.4388
[2023-06-09 14:30:22,520][root][INFO] - Epoch [132/200] Train Accuracy: 86.52%, Val Accuracy: 82.95%, Train Loss: 0.3619, Val Loss: 0.4873
[2023-06-09 14:31:13,467][root][INFO] - Epoch [133/200] Train Accuracy: 86.02%, Val Accuracy: 85.23%, Train Loss: 0.3445, Val Loss: 0.4103
[2023-06-09 14:32:04,392][root][INFO] - Epoch [134/200] Train Accuracy: 87.66%, Val Accuracy: 71.59%, Train Loss: 0.3422, Val Loss: 0.7314
[2023-06-09 14:32:55,327][root][INFO] - Epoch [135/200] Train Accuracy: 88.43%, Val Accuracy: 84.09%, Train Loss: 0.3378, Val Loss: 0.4608
[2023-06-09 14:33:46,240][root][INFO] - Epoch [136/200] Train Accuracy: 89.95%, Val Accuracy: 85.23%, Train Loss: 0.3065, Val Loss: 0.4107
[2023-06-09 14:34:37,197][root][INFO] - Epoch [137/200] Train Accuracy: 87.17%, Val Accuracy: 82.95%, Train Loss: 0.3762, Val Loss: 0.4517
[2023-06-09 14:35:28,105][root][INFO] - Epoch [138/200] Train Accuracy: 86.77%, Val Accuracy: 86.36%, Train Loss: 0.3419, Val Loss: 0.4121
[2023-06-09 14:36:22,208][root][INFO] - Epoch [139/200] Train Accuracy: 87.15%, Val Accuracy: 85.23%, Train Loss: 0.3488, Val Loss: 0.3890
[2023-06-09 14:37:15,394][root][INFO] - Epoch [140/200] Train Accuracy: 88.44%, Val Accuracy: 85.23%, Train Loss: 0.3483, Val Loss: 0.3758
[2023-06-09 14:38:04,064][root][INFO] - Epoch [141/200] Train Accuracy: 87.92%, Val Accuracy: 86.36%, Train Loss: 0.3314, Val Loss: 0.4260
[2023-06-09 14:38:52,773][root][INFO] - Epoch [142/200] Train Accuracy: 88.43%, Val Accuracy: 82.95%, Train Loss: 0.3196, Val Loss: 0.4203
[2023-06-09 14:39:41,383][root][INFO] - Epoch [143/200] Train Accuracy: 89.06%, Val Accuracy: 86.36%, Train Loss: 0.3215, Val Loss: 0.3938
[2023-06-09 14:40:30,082][root][INFO] - Epoch [144/200] Train Accuracy: 89.70%, Val Accuracy: 84.09%, Train Loss: 0.3004, Val Loss: 0.4308
[2023-06-09 14:41:18,682][root][INFO] - Epoch [145/200] Train Accuracy: 88.18%, Val Accuracy: 84.09%, Train Loss: 0.3172, Val Loss: 0.4583
[2023-06-09 14:42:07,338][root][INFO] - Epoch [146/200] Train Accuracy: 87.92%, Val Accuracy: 85.23%, Train Loss: 0.3263, Val Loss: 0.4120
[2023-06-09 14:42:55,919][root][INFO] - Epoch [147/200] Train Accuracy: 91.73%, Val Accuracy: 85.23%, Train Loss: 0.2546, Val Loss: 0.3881
[2023-06-09 14:43:44,567][root][INFO] - Epoch [148/200] Train Accuracy: 90.09%, Val Accuracy: 89.77%, Train Loss: 0.3008, Val Loss: 0.3813
[2023-06-09 14:44:33,126][root][INFO] - Epoch [149/200] Train Accuracy: 90.47%, Val Accuracy: 84.09%, Train Loss: 0.2944, Val Loss: 0.4273
[2023-06-09 14:45:21,784][root][INFO] - Epoch [150/200] Train Accuracy: 89.95%, Val Accuracy: 81.82%, Train Loss: 0.2890, Val Loss: 0.4816
[2023-06-09 14:46:10,367][root][INFO] - Epoch [151/200] Train Accuracy: 90.59%, Val Accuracy: 84.09%, Train Loss: 0.2632, Val Loss: 0.4397
[2023-06-09 14:46:59,039][root][INFO] - Epoch [152/200] Train Accuracy: 88.94%, Val Accuracy: 84.09%, Train Loss: 0.3019, Val Loss: 0.4633
[2023-06-09 14:47:47,624][root][INFO] - Epoch [153/200] Train Accuracy: 90.47%, Val Accuracy: 81.82%, Train Loss: 0.2807, Val Loss: 0.4456
[2023-06-09 14:48:36,298][root][INFO] - Epoch [154/200] Train Accuracy: 89.95%, Val Accuracy: 86.36%, Train Loss: 0.2860, Val Loss: 0.4256
[2023-06-09 14:49:24,894][root][INFO] - Epoch [155/200] Train Accuracy: 90.59%, Val Accuracy: 86.36%, Train Loss: 0.2674, Val Loss: 0.4320
[2023-06-09 14:50:13,549][root][INFO] - Epoch [156/200] Train Accuracy: 91.50%, Val Accuracy: 78.41%, Train Loss: 0.2750, Val Loss: 0.5899
[2023-06-09 14:51:02,128][root][INFO] - Epoch [157/200] Train Accuracy: 90.46%, Val Accuracy: 86.36%, Train Loss: 0.2738, Val Loss: 0.3976
[2023-06-09 14:51:50,785][root][INFO] - Epoch [158/200] Train Accuracy: 92.12%, Val Accuracy: 86.36%, Train Loss: 0.2553, Val Loss: 0.4931
[2023-06-09 14:52:39,374][root][INFO] - Epoch [159/200] Train Accuracy: 90.85%, Val Accuracy: 84.09%, Train Loss: 0.2750, Val Loss: 0.5653
[2023-06-09 14:53:28,032][root][INFO] - Epoch [160/200] Train Accuracy: 89.31%, Val Accuracy: 85.23%, Train Loss: 0.2762, Val Loss: 0.4260
[2023-06-09 14:54:16,636][root][INFO] - Epoch [161/200] Train Accuracy: 89.32%, Val Accuracy: 86.36%, Train Loss: 0.2927, Val Loss: 0.3999
[2023-06-09 14:55:05,295][root][INFO] - Epoch [162/200] Train Accuracy: 92.87%, Val Accuracy: 86.36%, Train Loss: 0.2469, Val Loss: 0.3960
[2023-06-09 14:55:53,867][root][INFO] - Epoch [163/200] Train Accuracy: 93.39%, Val Accuracy: 86.36%, Train Loss: 0.2295, Val Loss: 0.3640
[2023-06-09 14:56:42,521][root][INFO] - Epoch [164/200] Train Accuracy: 91.23%, Val Accuracy: 87.50%, Train Loss: 0.2744, Val Loss: 0.3767
[2023-06-09 14:57:31,112][root][INFO] - Epoch [165/200] Train Accuracy: 91.22%, Val Accuracy: 80.68%, Train Loss: 0.2773, Val Loss: 0.4860
[2023-06-09 14:58:19,764][root][INFO] - Epoch [166/200] Train Accuracy: 93.65%, Val Accuracy: 85.23%, Train Loss: 0.2252, Val Loss: 0.4367
[2023-06-09 14:59:08,345][root][INFO] - Epoch [167/200] Train Accuracy: 93.25%, Val Accuracy: 84.09%, Train Loss: 0.2184, Val Loss: 0.4658
[2023-06-09 14:59:56,996][root][INFO] - Epoch [168/200] Train Accuracy: 91.74%, Val Accuracy: 70.45%, Train Loss: 0.2590, Val Loss: 0.9391
[2023-06-09 15:00:45,585][root][INFO] - Epoch [169/200] Train Accuracy: 91.99%, Val Accuracy: 87.50%, Train Loss: 0.2347, Val Loss: 0.4367
[2023-06-09 15:01:34,244][root][INFO] - Epoch [170/200] Train Accuracy: 93.65%, Val Accuracy: 79.55%, Train Loss: 0.2207, Val Loss: 0.5615
[2023-06-09 15:02:22,811][root][INFO] - Epoch [171/200] Train Accuracy: 93.64%, Val Accuracy: 82.95%, Train Loss: 0.2309, Val Loss: 0.5422
[2023-06-09 15:03:11,461][root][INFO] - Epoch [172/200] Train Accuracy: 93.50%, Val Accuracy: 84.09%, Train Loss: 0.2296, Val Loss: 0.4749
[2023-06-09 15:04:00,014][root][INFO] - Epoch [173/200] Train Accuracy: 91.61%, Val Accuracy: 84.09%, Train Loss: 0.2414, Val Loss: 0.4898
[2023-06-09 15:04:48,660][root][INFO] - Epoch [174/200] Train Accuracy: 91.74%, Val Accuracy: 84.09%, Train Loss: 0.2454, Val Loss: 0.4677
[2023-06-09 15:05:37,219][root][INFO] - Epoch [175/200] Train Accuracy: 90.59%, Val Accuracy: 86.36%, Train Loss: 0.2515, Val Loss: 0.4668
[2023-06-09 15:06:25,868][root][INFO] - Epoch [176/200] Train Accuracy: 94.03%, Val Accuracy: 85.23%, Train Loss: 0.2010, Val Loss: 0.4505
[2023-06-09 15:07:14,446][root][INFO] - Epoch [177/200] Train Accuracy: 94.92%, Val Accuracy: 81.82%, Train Loss: 0.1969, Val Loss: 0.5858
[2023-06-09 15:08:03,084][root][INFO] - Epoch [178/200] Train Accuracy: 94.29%, Val Accuracy: 85.23%, Train Loss: 0.1958, Val Loss: 0.4822
[2023-06-09 15:08:51,645][root][INFO] - Epoch [179/200] Train Accuracy: 93.52%, Val Accuracy: 81.82%, Train Loss: 0.1991, Val Loss: 0.5698
[2023-06-09 15:09:40,291][root][INFO] - Epoch [180/200] Train Accuracy: 95.30%, Val Accuracy: 81.82%, Train Loss: 0.1923, Val Loss: 0.5165
[2023-06-09 15:10:28,856][root][INFO] - Epoch [181/200] Train Accuracy: 94.15%, Val Accuracy: 81.82%, Train Loss: 0.1950, Val Loss: 0.5598
[2023-06-09 15:11:17,531][root][INFO] - Epoch [182/200] Train Accuracy: 95.30%, Val Accuracy: 78.41%, Train Loss: 0.2050, Val Loss: 0.7206
[2023-06-09 15:12:06,153][root][INFO] - Epoch [183/200] Train Accuracy: 94.91%, Val Accuracy: 82.95%, Train Loss: 0.1815, Val Loss: 0.5450
[2023-06-09 15:12:54,845][root][INFO] - Epoch [184/200] Train Accuracy: 95.05%, Val Accuracy: 82.95%, Train Loss: 0.1822, Val Loss: 0.5610
[2023-06-09 15:13:43,449][root][INFO] - Epoch [185/200] Train Accuracy: 95.42%, Val Accuracy: 84.09%, Train Loss: 0.1835, Val Loss: 0.5743
[2023-06-09 15:14:32,175][root][INFO] - Epoch [186/200] Train Accuracy: 93.39%, Val Accuracy: 81.82%, Train Loss: 0.2182, Val Loss: 0.5688
[2023-06-09 15:15:20,771][root][INFO] - Epoch [187/200] Train Accuracy: 93.90%, Val Accuracy: 84.09%, Train Loss: 0.2002, Val Loss: 0.4981
[2023-06-09 15:16:09,445][root][INFO] - Epoch [188/200] Train Accuracy: 94.15%, Val Accuracy: 82.95%, Train Loss: 0.2086, Val Loss: 0.4934
[2023-06-09 15:16:58,053][root][INFO] - Epoch [189/200] Train Accuracy: 95.05%, Val Accuracy: 85.23%, Train Loss: 0.1761, Val Loss: 0.5846
[2023-06-09 15:17:46,717][root][INFO] - Epoch [190/200] Train Accuracy: 93.77%, Val Accuracy: 81.82%, Train Loss: 0.1896, Val Loss: 0.5416
[2023-06-09 15:18:35,268][root][INFO] - Epoch [191/200] Train Accuracy: 95.55%, Val Accuracy: 82.95%, Train Loss: 0.1722, Val Loss: 0.5906
[2023-06-09 15:19:23,915][root][INFO] - Epoch [192/200] Train Accuracy: 95.68%, Val Accuracy: 84.09%, Train Loss: 0.1826, Val Loss: 0.5855
[2023-06-09 15:20:12,457][root][INFO] - Epoch [193/200] Train Accuracy: 93.77%, Val Accuracy: 85.23%, Train Loss: 0.2222, Val Loss: 0.4921
[2023-06-09 15:21:01,108][root][INFO] - Epoch [194/200] Train Accuracy: 96.31%, Val Accuracy: 81.82%, Train Loss: 0.1564, Val Loss: 0.4895
[2023-06-09 15:21:49,684][root][INFO] - Epoch [195/200] Train Accuracy: 95.68%, Val Accuracy: 85.23%, Train Loss: 0.1756, Val Loss: 0.5135
[2023-06-09 15:22:38,341][root][INFO] - Epoch [196/200] Train Accuracy: 94.29%, Val Accuracy: 84.09%, Train Loss: 0.1910, Val Loss: 0.4270
[2023-06-09 15:23:26,923][root][INFO] - Epoch [197/200] Train Accuracy: 96.45%, Val Accuracy: 84.09%, Train Loss: 0.1600, Val Loss: 0.5067
[2023-06-09 15:24:15,628][root][INFO] - Epoch [198/200] Train Accuracy: 95.17%, Val Accuracy: 85.23%, Train Loss: 0.1522, Val Loss: 0.5125
[2023-06-09 15:25:04,164][root][INFO] - Epoch [199/200] Train Accuracy: 96.18%, Val Accuracy: 86.36%, Train Loss: 0.1729, Val Loss: 0.4424
[2023-06-09 15:25:52,808][root][INFO] - Epoch [200/200] Train Accuracy: 95.81%, Val Accuracy: 85.23%, Train Loss: 0.1621, Val Loss: 0.5225
[2023-06-09 15:25:52,865][root][INFO] - Done!
